\BOOKMARK [0][-]{chapter.1}{\376\377\004\034\004\060\004\102\004\065\004\074\004\060\004\102\004\070\004\107\004\065\004\101\004\072\004\070\004\065\000\040\004\076\004\101\004\075\004\076\004\062\004\113\000\040\004\074\004\060\004\110\004\070\004\075\004\075\004\076\004\063\004\076\000\040\004\076\004\061\004\103\004\107\004\065\004\075\004\070\004\117}{}% 1
\BOOKMARK [1][-]{section.1.1}{\376\377\004\034\004\065\004\102\004\076\004\064\004\113\000\040\004\076\004\077\004\102\004\070\004\074\004\070\004\067\004\060\004\106\004\070\004\070}{chapter.1}% 2
\BOOKMARK [2][-]{subsection.1.1.1}{\376\377\004\023\004\100\004\060\004\064\004\070\004\065\004\075\004\102\004\075\004\113\004\071\000\040\004\101\004\077\004\103\004\101\004\072}{section.1.1}% 3
\BOOKMARK [2][-]{subsection.1.1.2}{\376\377\004\040\004\060\004\101\004\077\004\100\004\065\004\064\004\065\004\073\004\065\004\075\004\075\004\076\004\065\000\040\004\076\004\061\004\103\004\107\004\065\004\075\004\070\004\065}{section.1.1}% 4
\BOOKMARK [2][-]{subsection.1.1.3}{\376\377\004\041\004\102\004\076\004\105\004\060\004\101\004\102\004\070\004\107\004\065\004\101\004\072\004\060\004\117\000\040\004\060\004\077\004\077\004\100\004\076\004\072\004\101\004\070\004\074\004\060\004\106\004\070\004\117}{section.1.1}% 5
\BOOKMARK [1][-]{section.1.2}{\376\377\004\036\004\077\004\102\004\070\004\074\004\060\004\073\004\114\004\075\004\113\004\071\000\040\004\102\004\100\004\060\004\075\004\101\004\077\004\076\004\100\004\102}{chapter.1}% 6
\BOOKMARK [0][-]{chapter.2}{\376\377\004\034\004\065\004\102\004\076\004\064\004\113\000\040\004\074\004\060\004\110\004\070\004\075\004\075\004\076\004\063\004\076\000\040\004\076\004\061\004\103\004\107\004\065\004\075\004\070\004\117}{}% 7
\BOOKMARK [1][-]{section.2.1}{\376\377\004\035\004\065\004\071\004\100\004\076\004\101\004\065\004\102\004\065\004\062\004\113\004\065\000\040\004\077\004\076\004\064\004\105\004\076\004\064\004\113}{chapter.2}% 8
\BOOKMARK [1][-]{section.2.2}{\376\377\004\023\004\065\004\075\004\065\004\100\004\060\004\102\004\070\004\062\004\075\004\113\004\065\000\040\004\077\004\076\004\064\004\105\004\076\004\064\004\113}{chapter.2}% 9
\BOOKMARK [2][-]{subsection.2.2.1}{\376\377\004\020\004\062\004\102\004\076\004\072\004\076\004\064\004\070\004\100\004\076\004\062\004\111\004\070\004\072\004\070\000\040\004\070\000\040\004\074\004\076\004\064\004\065\004\073\004\070\000\040\004\077\004\076\004\102\004\076\004\072\004\076\004\062}{section.2.2}% 10
\BOOKMARK [2][-]{subsection.2.2.2}{\376\377\004\055\004\075\004\065\004\100\004\063\004\065\004\102\004\070\004\107\004\065\004\101\004\072\004\070\004\065\000\040\004\074\004\076\004\064\004\065\004\073\004\070}{section.2.2}% 11
\BOOKMARK [1][-]{section.2.3}{\376\377\004\036\004\061\004\100\004\060\004\061\004\076\004\102\004\072\004\060\000\040\004\065\004\101\004\102\004\065\004\101\004\102\004\062\004\065\004\075\004\075\004\076\004\063\004\076\000\040\004\117\004\067\004\113\004\072\004\060}{chapter.2}% 12
\BOOKMARK [2][-]{subsection.2.3.1}{\376\377\004\044\004\076\004\100\004\074\004\060\004\073\004\114\004\075\004\113\004\065\000\040\004\117\004\067\004\113\004\072\004\070}{section.2.3}% 13
\BOOKMARK [2][-]{subsection.2.3.2}{\376\377\004\037\004\100\004\065\004\064\004\101\004\102\004\060\004\062\004\073\004\065\004\075\004\070\004\065\000\040\004\117\004\067\004\113\004\072\004\060\000\040\004\062\000\040\004\062\004\070\004\064\004\065\000\040\004\062\004\073\004\076\004\066\004\065\004\075\004\070\004\071}{section.2.3}% 14
\BOOKMARK [2][-]{subsection.2.3.3}{\376\377\004\021\004\076\004\073\004\114\004\110\004\070\004\065\000\040\004\117\004\067\004\113\004\072\004\076\004\062\004\113\004\065\000\040\004\074\004\076\004\064\004\065\004\073\004\070}{section.2.3}% 15
\BOOKMARK [0][-]{chapter.3}{\376\377\004\037\004\101\004\070\004\105\004\076\004\074\004\065\004\102\004\100\004\070\004\117\000\040\004\062\000\040\004\076\004\061\004\100\004\060\004\067\004\076\004\062\004\060\004\075\004\070\004\070}{}% 16
\BOOKMARK [1][-]{section.3.1}{\376\377\004\027\004\075\004\060\004\107\004\065\004\075\004\070\004\065\000\040\004\076\004\061\004\100\004\060\004\067\004\076\004\062\004\060\004\075\004\070\004\117}{chapter.3}% 17
\BOOKMARK [2][-]{subsection.3.1.1}{\376\377\004\034\004\065\004\105\004\060\004\075\004\070\004\067\004\074}{section.3.1}% 18
\BOOKMARK [2][-]{subsection.3.1.2}{\376\377\004\041\004\070\004\101\004\102\004\065\004\074\000\040\004\075\004\060\004\063\004\100\004\060\004\064}{section.3.1}% 19
\BOOKMARK [1][-]{section.3.2}{\376\377\004\041\004\102\004\100\004\103\004\072\004\102\004\103\004\100\004\060\000\040\004\074\004\065\004\102\004\076\004\064\004\070\004\107\004\065\004\101\004\072\004\076\004\063\004\076\000\040\004\074\004\060\004\102\004\065\004\100\004\070\004\060\004\073\004\060}{chapter.3}% 20
\BOOKMARK [2][-]{subsection.3.2.1}{\376\377\004\037\004\101\004\070\004\105\004\076\004\073\004\076\004\063\004\070\004\107\004\065\004\101\004\072\004\070\004\065\000\040\004\077\004\076\004\064\004\105\004\076\004\064\004\113\000\040\004\072\000\040\004\076\004\077\004\070\004\101\004\060\004\075\004\070\004\116\000\040\004\070\004\075\004\102\004\065\004\073\004\073\004\065\004\072\004\102\004\103\004\060\004\073\004\114\004\075\004\076\004\063\004\076\000\040\004\100\004\060\004\067\004\062\004\070\004\102\004\070\004\117}{section.3.2}% 21
\BOOKMARK [1][-]{section.3.3}{\376\377\004\034\004\065\004\102\004\076\004\064\004\070\004\107\004\065\004\101\004\072\004\060\004\117\000\040\004\067\004\060\004\064\004\060\004\107\004\060}{chapter.3}% 22
\BOOKMARK [2][-]{subsection.3.3.1}{\376\377\004\042\004\065\004\101\004\102\004\076\004\062\004\113\004\065\000\040\004\101\004\070\004\101\004\102\004\065\004\074\004\113}{section.3.3}% 23
\BOOKMARK [0][-]{chapter.4}{\376\377\004\036\004\077\004\070\004\101\004\060\004\075\004\070\004\065\000\040\004\100\004\060\004\061\004\076\004\102\004\113}{}% 24
\BOOKMARK [1][-]{section.4.1}{\376\377\004\037\004\076\004\064\004\063\004\076\004\102\004\076\004\062\004\072\004\060\000\040\004\064\004\060\004\075\004\075\004\113\004\105\000\040\004\064\004\073\004\117\000\040\004\076\004\061\004\103\004\107\004\065\004\075\004\070\004\117}{chapter.4}% 25
\BOOKMARK [2][-]{subsection.4.1.1}{\376\377\004\040\004\060\004\101\004\077\004\076\004\067\004\075\004\060\004\062\004\060\004\075\004\070\004\065\000\040\004\102\004\065\004\072\004\101\004\102\004\060}{section.4.1}% 26
\BOOKMARK [2][-]{subsection.4.1.2}{\376\377\004\024\004\076\004\077\004\076\004\073\004\075\004\070\004\102\004\065\004\073\004\114\004\075\004\113\004\065\000\040\004\077\004\076\004\064\004\105\004\076\004\064\004\113\000\040\004\072\000\040\004\101\004\061\004\076\004\100\004\103\000\040\004\064\004\060\004\075\004\075\004\113\004\105}{section.4.1}% 27
\BOOKMARK [1][-]{section.4.2}{\376\377\004\040\004\060\004\067\004\100\004\060\004\061\004\076\004\102\004\072\004\060\000\040\004\070\004\075\004\102\004\065\004\100\004\104\004\065\004\071\004\101\004\060\000\040\004\062\004\067\004\060\004\070\004\074\004\076\004\064\004\065\004\071\004\101\004\102\004\062\004\070\004\117}{chapter.4}% 28
\BOOKMARK [2][-]{subsection.4.2.1}{\376\377\004\037\004\100\004\076\004\065\004\072\004\102\000\040\004\070\004\075\004\102\004\065\004\073\004\073\004\065\004\072\004\102\004\103\004\060\004\073\004\114\004\075\004\076\004\063\004\076\000\040\004\060\004\101\004\101\004\070\004\101\004\102\004\065\004\075\004\102\004\060}{section.4.2}% 29
\BOOKMARK [2][-]{subsection.4.2.2}{\376\377\004\037\004\076\004\064\004\063\004\076\004\102\004\076\004\062\004\072\004\060\000\040\004\062\004\065\004\061\000-\004\077\004\100\004\070\004\073\004\076\004\066\004\065\004\075\004\070\004\117}{section.4.2}% 30
\BOOKMARK [2][-]{subsection.4.2.3}{\376\377\004\036\004\077\004\070\004\101\004\060\004\075\004\070\004\065\000\040\004\100\004\060\004\067\004\100\004\060\004\061\004\076\004\102\004\060\004\075\004\075\004\113\004\105\000\040\004\070\004\063\004\100}{section.4.2}% 31
\BOOKMARK [1][-]{section.4.3}{\376\377\004\040\004\065\004\071\004\102\004\070\004\075\004\063\004\076\004\062\004\060\004\117\000\040\004\101\004\070\004\101\004\102\004\065\004\074\004\060}{chapter.4}% 32
\BOOKMARK [2][-]{subsection.4.3.1}{\376\377\004\020\004\064\004\060\004\077\004\102\004\060\004\106\004\070\004\117\000\040\004\100\004\065\004\071\004\102\004\070\004\075\004\063\004\076\004\062\004\076\004\071\000\040\004\101\004\070\004\101\004\102\004\065\004\074\004\113}{section.4.3}% 33
\BOOKMARK [2][-]{subsection.4.3.2}{\376\377\004\047\004\070\004\101\004\073\004\065\004\075\004\075\004\113\004\065\000\040\004\115\004\072\004\101\004\077\004\065\004\100\004\070\004\074\004\065\004\075\004\102\004\113}{section.4.3}% 34
\BOOKMARK [0][-]{chapter.5}{\376\377\004\027\004\060\004\072\004\073\004\116\004\107\004\065\004\075\004\070\004\065}{}% 35
\BOOKMARK [1][-]{section.5.1}{\376\377\004\030\004\102\004\076\004\063\004\070\000\040\004\100\004\060\004\061\004\076\004\102\004\113}{chapter.5}% 36
\BOOKMARK [1][-]{section.5.2}{\376\377\004\024\004\060\004\073\004\114\004\075\004\065\004\071\004\110\004\060\004\117\000\040\004\100\004\060\004\061\004\076\004\102\004\060}{chapter.5}% 37
\BOOKMARK [2][-]{subsection.5.2.1}{\376\377\004\021\004\073\004\060\004\063\004\076\004\064\004\060\004\100\004\075\004\076\004\101\004\102\004\070}{section.5.2}% 38
\BOOKMARK [0][-]{subsection.5.2.1}{\376\377\004\041\004\077\004\070\004\101\004\076\004\072\000\040\004\073\004\070\004\102\004\065\004\100\004\060\004\102\004\103\004\100\004\113}{}% 39
\BOOKMARK [1][-]{section.5.3}{\376\377\004\030\004\101\004\077\004\076\004\073\004\114\004\067\004\076\004\062\004\060\004\075\004\075\004\060\004\117\000\040\004\073\004\070\004\102\004\065\004\100\004\060\004\102\004\103\004\100\004\060}{subsection.5.2.1}% 40
\BOOKMARK [1][-]{section.5.4}{\376\377\004\047\004\070\004\101\004\073\004\065\004\075\004\075\004\076\004\065\000\040\004\074\004\076\004\064\004\065\004\073\004\070\004\100\004\076\004\062\004\060\004\075\004\070\004\065}{subsection.5.2.1}% 41
